# JRE version: OpenJDK Runtime Environment (8.0_152-b01) (build 1.8.0_152-release-915-b01)
# Java VM: OpenJDK Server VM (25.152-b01 mixed mode windows-x86 )
Heap:
 def new generation   total 32576K, used 17056K [0x11000000, 0x13350000, 0x26550000)
  eden space 28992K,  46% used [0x11000000, 0x11d28388, 0x12c50000)
  from space 3584K, 100% used [0x12fd0000, 0x13350000, 0x13350000)
  to   space 3584K,   0% used [0x12c50000, 0x12c50000, 0x12fd0000)
 tenured generation   total 72084K, used 51792K [0x26550000, 0x2abb5000, 0x51000000)
   the space 72084K,  71% used [0x26550000, 0x297e42c8, 0x297e4400, 0x2abb5000)
 Metaspace       used 43292K, capacity 44556K, committed 44672K, reserved 45440K
GC Heap History (10 events):
Event: 127.764 GC heap before
{Heap before GC invocations=79 (full 4):
 def new generation   total 32576K, used 28992K [0x11000000, 0x13350000, 0x26550000)
  eden space 28992K, 100% used [0x11000000, 0x12c50000, 0x12c50000)
  from space 3584K,   0% used [0x12c50000, 0x12c50000, 0x12fd0000)
  to   space 3584K,   0% used [0x12fd0000, 0x12fd0000, 0x13350000)
 tenured generation   total 72084K, used 43248K [0x26550000, 0x2abb5000, 0x51000000)
   the space 72084K,  59% used [0x26550000, 0x28f8c020, 0x28f8c200, 0x2abb5000)
 Metaspace       used 41290K, capacity 42528K, committed 42624K, reserved 43392K
Event: 127.783 GC heap after
Heap after GC invocations=80 (full 4):
 def new generation   total 32576K, used 3241K [0x11000000, 0x13350000, 0x26550000)
  eden space 28992K,   0% used [0x11000000, 0x11000000, 0x12c50000)
  from space 3584K,  90% used [0x12fd0000, 0x132fa488, 0x13350000)
  to   space 3584K,   0% used [0x12c50000, 0x12c50000, 0x12fd0000)
 tenured generation   total 72084K, used 43248K [0x26550000, 0x2abb5000, 0x51000000)
   the space 72084K,  59% used [0x26550000, 0x28f8c020, 0x28f8c200, 0x2abb5000)
 Metaspace       used 41290K, capacity 42528K, committed 42624K, reserved 43392K
}
Event: 128.995 GC heap before
{Heap before GC invocations=80 (full 4):
 def new generation   total 32576K, used 32233K [0x11000000, 0x13350000, 0x26550000)
  eden space 28992K, 100% used [0x11000000, 0x12c50000, 0x12c50000)
  from space 3584K,  90% used [0x12fd0000, 0x132fa488, 0x13350000)
  to   space 3584K,   0% used [0x12c50000, 0x12c50000, 0x12fd0000)
 tenured generation   total 72084K, used 43248K [0x26550000, 0x2abb5000, 0x51000000)
   the space 72084K,  59% used [0x26550000, 0x28f8c020, 0x28f8c200, 0x2abb5000)
 Metaspace       used 41370K, capacity 42624K, committed 42752K, reserved 43392K
Event: 129.008 GC heap after
Heap after GC invocations=81 (full 4):
 def new generation   total 32576K, used 423K [0x11000000, 0x13350000, 0x26550000)
  eden space 28992K,   0% used [0x11000000, 0x11000000, 0x12c50000)
  from space 3584K,  11% used [0x12c50000, 0x12cb9e90, 0x12fd0000)
  to   space 3584K,   0% used [0x12fd0000, 0x12fd0000, 0x13350000)
 tenured generation   total 72084K, used 45036K [0x26550000, 0x2abb5000, 0x51000000)
   the space 72084K,  62% used [0x26550000, 0x2914b308, 0x2914b400, 0x2abb5000)
 Metaspace       used 41370K, capacity 42624K, committed 42752K, reserved 43392K
}
Event: 132.568 GC heap before
{Heap before GC invocations=81 (full 4):
 def new generation   total 32576K, used 29415K [0x11000000, 0x13350000, 0x26550000)
  eden space 28992K, 100% used [0x11000000, 0x12c50000, 0x12c50000)
  from space 3584K,  11% used [0x12c50000, 0x12cb9e90, 0x12fd0000)
  to   space 3584K,   0% used [0x12fd0000, 0x12fd0000, 0x13350000)
 tenured generation   total 72084K, used 45036K [0x26550000, 0x2abb5000, 0x51000000)
   the space 72084K,  62% used [0x26550000, 0x2914b308, 0x2914b400, 0x2abb5000)
 Metaspace       used 42027K, capacity 43263K, committed 43264K, reserved 43392K
Event: 132.596 GC heap after
Heap after GC invocations=82 (full 4):
 def new generation   total 32576K, used 3572K [0x11000000, 0x13350000, 0x26550000)
  eden space 28992K,   0% used [0x11000000, 0x11000000, 0x12c50000)
  from space 3584K,  99% used [0x12fd0000, 0x1334d110, 0x13350000)
  to   space 3584K,   0% used [0x12c50000, 0x12c50000, 0x12fd0000)
 tenured generation   total 72084K, used 45036K [0x26550000, 0x2abb5000, 0x51000000)
   the space 72084K,  62% used [0x26550000, 0x2914b308, 0x2914b400, 0x2abb5000)
 Metaspace       used 42027K, capacity 43263K, committed 43264K, reserved 43392K
}
Event: 155.158 GC heap before
{Heap before GC invocations=82 (full 4):
 def new generation   total 32576K, used 32564K [0x11000000, 0x13350000, 0x26550000)
  eden space 28992K, 100% used [0x11000000, 0x12c50000, 0x12c50000)
  from space 3584K,  99% used [0x12fd0000, 0x1334d110, 0x13350000)
  to   space 3584K,   0% used [0x12c50000, 0x12c50000, 0x12fd0000)
 tenured generation   total 72084K, used 45036K [0x26550000, 0x2abb5000, 0x51000000)
   the space 72084K,  62% used [0x26550000, 0x2914b308, 0x2914b400, 0x2abb5000)
 Metaspace       used 42681K, capacity 43935K, committed 44032K, reserved 44416K
Event: 155.205 GC heap after
Heap after GC invocations=83 (full 4):
 def new generation   total 32576K, used 3584K [0x11000000, 0x13350000, 0x26550000)
  eden space 28992K,   0% used [0x11000000, 0x11000000, 0x12c50000)
  from space 3584K, 100% used [0x12c50000, 0x12fd0000, 0x12fd0000)
  to   space 3584K,   0% used [0x12fd0000, 0x12fd0000, 0x13350000)
 tenured generation   total 72084K, used 48319K [0x26550000, 0x2abb5000, 0x51000000)
   the space 72084K,  67% used [0x26550000, 0x2947fd98, 0x2947fe00, 0x2abb5000)
 Metaspace       used 42681K, capacity 43935K, committed 44032K, reserved 44416K
}
Event: 157.676 GC heap before
{Heap before GC invocations=83 (full 4):
 def new generation   total 32576K, used 32576K [0x11000000, 0x13350000, 0x26550000)
  eden space 28992K, 100% used [0x11000000, 0x12c50000, 0x12c50000)
  from space 3584K, 100% used [0x12c50000, 0x12fd0000, 0x12fd0000)
  to   space 3584K,   0% used [0x12fd0000, 0x12fd0000, 0x13350000)
 tenured generation   total 72084K, used 48319K [0x26550000, 0x2abb5000, 0x51000000)
   the space 72084K,  67% used [0x26550000, 0x2947fd98, 0x2947fe00, 0x2abb5000)
 Metaspace       used 42950K, capacity 44202K, committed 44288K, reserved 44416K
Event: 157.717 GC heap after
Heap after GC invocations=84 (full 4):
 def new generation   total 32576K, used 3584K [0x11000000, 0x13350000, 0x26550000)
  eden space 28992K,   0% used [0x11000000, 0x11000000, 0x12c50000)
  from space 3584K, 100% used [0x12fd0000, 0x13350000, 0x13350000)
  to   space 3584K,   0% used [0x12c50000, 0x12c50000, 0x12fd0000)
 tenured generation   total 72084K, used 51792K [0x26550000, 0x2abb5000, 0x51000000)
   the space 72084K,  71% used [0x26550000, 0x297e42c8, 0x297e4400, 0x2abb5000)
 Metaspace       used 42950K, capacity 44202K, committed 44288K, reserved 44416K
}

